%!Adobe-FontList 1.13
%Locale:0x404

%BeginFont
Handler:DirectoryHandler
FontType:Invalid
OutlineFileName:F:\html\20_1\Font\fontello.eot
FileModTime:1608095694
%EndFont

%BeginFont
Handler:DirectoryHandler
FontType:Invalid
OutlineFileName:F:\html\20_1\Font\fontello.svg
FileModTime:1608095694
%EndFont

%BeginFont
Handler:DirectoryHandler
FontType:TrueType
FontName:fontello
FamilyName:fontello
StyleName:Regular
FullName:fontello
MenuName:fontello
StyleBits:0
WritingScript:Roman
OutlineFileName:F:\html\20_1\Font\fontello.ttf
DataFormat:sfntData
FileLength:25740
FileModTime:1608095694
WeightClass:400
WidthClass:5
AngleClass:0
%EndFont

%BeginFont
Handler:DirectoryHandler
FontType:Invalid
OutlineFileName:F:\html\20_1\Font\fontello.woff
FileModTime:1608095694
%EndFont

%BeginFont
Handler:DirectoryHandler
FontType:Invalid
OutlineFileName:F:\html\20_1\Font\fontello.woff2
FileModTime:1608095694
%EndFont

